<?xml version="1.0" encoding="utf-8"?><testsuites name="pytest tests"><testsuite name="pytest" errors="0" failures="1" skipped="0" tests="21" time="4.804" timestamp="2026-04-10T17:38:50.745495+00:00" hostname="agent-env-9b098be1-4f8d-482d-96e0-cce0d468df12"><testcase classname="backend.tests.test_mongodb_persistence_and_history.TestEmptyState" name="test_stats_returns_list" time="0.189" /><testcase classname="backend.tests.test_mongodb_persistence_and_history.TestEmptyState" name="test_history_returns_list" time="0.077" /><testcase classname="backend.tests.test_mongodb_persistence_and_history.TestEmptyState" name="test_history_with_limit_param" time="0.078" /><testcase classname="backend.tests.test_mongodb_persistence_and_history.TestTableMongoPersistence" name="test_create_table_saves_to_mongodb" time="0.372" /><testcase classname="backend.tests.test_mongodb_persistence_and_history.TestTableMongoPersistence" name="test_join_table_updates_mongodb" time="0.513" /><testcase classname="backend.tests.test_mongodb_persistence_and_history.TestTableMongoPersistence" name="test_leave_table_updates_mongodb" time="0.098" /><testcase classname="backend.tests.test_mongodb_persistence_and_history.TestTableMongoPersistence" name="test_delete_table_removes_from_mongodb" time="0.361" /><testcase classname="backend.tests.test_mongodb_persistence_and_history.TestTableMongoPersistence" name="test_create_second_table_to_verify_persistence" time="0.521" /><testcase classname="backend.tests.test_mongodb_persistence_and_history.TestHandHistoryAndStats" name="test_history_returns_mock_hand" time="0.774" /><testcase classname="backend.tests.test_mongodb_persistence_and_history.TestHandHistoryAndStats" name="test_history_hand_has_correct_fields" time="0.057" /><testcase classname="backend.tests.test_mongodb_persistence_and_history.TestHandHistoryAndStats" name="test_history_filter_by_table_id" time="0.057" /><testcase classname="backend.tests.test_mongodb_persistence_and_history.TestHandHistoryAndStats" name="test_stats_returns_player_data" time="0.064" /><testcase classname="backend.tests.test_mongodb_persistence_and_history.TestHandHistoryAndStats" name="test_stats_correct_fields" time="0.061" /><testcase classname="backend.tests.test_mongodb_persistence_and_history.TestHandHistoryAndStats" name="test_stats_correct_chips_net" time="0.090"><failure message="AssertionError: Player1 chips_net should include +150 from mock hand, got 100&#10;assert (100 &gt;= 150 or 100 == 150)">backend/tests/test_mongodb_persistence_and_history.py:453: in test_stats_correct_chips_net
    assert stat1["chips_net"] &gt;= 150 or stat1["chips_net"] == 150, \
E   AssertionError: Player1 chips_net should include +150 from mock hand, got 100
E   assert (100 &gt;= 150 or 100 == 150)</failure></testcase><testcase classname="backend.tests.test_mongodb_persistence_and_history.TestHandHistoryAndStats" name="test_stats_boards_won" time="0.057" /><testcase classname="backend.tests.test_mongodb_persistence_and_history.TestHandHistoryAndStats" name="test_stats_sorted_by_chips_net_descending" time="0.051" /><testcase classname="backend.tests.test_mongodb_persistence_and_history.TestHandHistoryAndStats" name="test_stats_pots_won" time="0.060" /><testcase classname="backend.tests.test_mongodb_persistence_and_history.TestAuthEndpoints" name="test_login_success" time="0.290" /><testcase classname="backend.tests.test_mongodb_persistence_and_history.TestAuthEndpoints" name="test_login_wrong_pin" time="0.276" /><testcase classname="backend.tests.test_mongodb_persistence_and_history.TestAuthEndpoints" name="test_tables_create_requires_auth" time="0.074" /><testcase classname="backend.tests.test_mongodb_persistence_and_history.TestAuthEndpoints" name="test_delete_table_requires_admin" time="0.516" /></testsuite></testsuites>