<?xml version="1.0" encoding="utf-8"?><testsuites name="pytest tests"><testsuite name="pytest" errors="0" failures="0" skipped="0" tests="19" time="6.727" timestamp="2026-04-10T04:19:36.622574+00:00" hostname="agent-env-9b098be1-4f8d-482d-96e0-cce0d468df12"><testcase classname="backend.tests.test_p0_p1_p2_features.TestAuth" name="test_aceking_login" time="0.437" /><testcase classname="backend.tests.test_p0_p1_p2_features.TestAuth" name="test_admin_login" time="0.370" /><testcase classname="backend.tests.test_p0_p1_p2_features.TestAuth" name="test_invalid_login" time="0.378" /><testcase classname="backend.tests.test_p0_p1_p2_features.TestTableList" name="test_list_tables" time="0.147" /><testcase classname="backend.tests.test_p0_p1_p2_features.TestJoinMidGame" name="test_create_table_aceking" time="0.487" /><testcase classname="backend.tests.test_p0_p1_p2_features.TestJoinMidGame" name="test_aceking_joins_own_table" time="0.187" /><testcase classname="backend.tests.test_p0_p1_p2_features.TestJoinMidGame" name="test_bluffmaster_joins_table" time="0.503" /><testcase classname="backend.tests.test_p0_p1_p2_features.TestJoinMidGame" name="test_table_has_players" time="0.128" /><testcase classname="backend.tests.test_p0_p1_p2_features.TestJoinMidGame" name="test_cardshark_joins_playing_table" time="0.639" /><testcase classname="backend.tests.test_p0_p1_p2_features.TestJoinMidGame" name="test_already_in_table_idempotent" time="0.144" /><testcase classname="backend.tests.test_p0_p1_p2_features.TestJoinMidGame" name="test_get_table_state" time="0.137" /><testcase classname="backend.tests.test_p0_p1_p2_features.TestKickPlayer" name="test_setup_table_for_kick" time="0.395" /><testcase classname="backend.tests.test_p0_p1_p2_features.TestKickPlayer" name="test_non_admin_cannot_kick" time="0.151" /><testcase classname="backend.tests.test_p0_p1_p2_features.TestKickPlayer" name="test_admin_can_kick_player" time="0.490" /><testcase classname="backend.tests.test_p0_p1_p2_features.TestKickPlayer" name="test_player_removed_after_kick" time="0.150" /><testcase classname="backend.tests.test_p0_p1_p2_features.TestKickPlayer" name="test_kick_nonexistent_table" time="0.126" /><testcase classname="backend.tests.test_p0_p1_p2_features.TestKickPlayer" name="test_kick_without_auth" time="0.125" /><testcase classname="backend.tests.test_p0_p1_p2_features.TestTableDeletion" name="test_admin_can_delete_table" time="0.280" /><testcase classname="backend.tests.test_p0_p1_p2_features.TestTableDeletion" name="test_non_admin_cannot_delete" time="1.291" /></testsuite></testsuites>