<?xml version="1.0" encoding="utf-8"?><testsuites name="pytest tests"><testsuite name="pytest" errors="0" failures="0" skipped="0" tests="35" time="9.855" timestamp="2026-04-05T10:05:16.644092+00:00" hostname="agent-env-b3c6b628-917f-4e25-89a5-a7c1d9bcac8c"><testcase classname="backend.tests.test_chullz_game.TestTablesList" name="test_list_tables_unauthenticated" time="0.184" /><testcase classname="backend.tests.test_chullz_game.TestTablesList" name="test_list_tables_response_fields" time="0.500" /><testcase classname="backend.tests.test_chullz_game.TestCreateTable" name="test_create_table_success" time="0.407" /><testcase classname="backend.tests.test_chullz_game.TestCreateTable" name="test_create_table_requires_auth" time="0.151" /><testcase classname="backend.tests.test_chullz_game.TestCreateTable" name="test_create_table_invalid_blinds" time="0.386" /><testcase classname="backend.tests.test_chullz_game.TestCreateTable" name="test_create_table_preset_values" time="0.439" /><testcase classname="backend.tests.test_chullz_game.TestJoinTable" name="test_join_table_success" time="0.883" /><testcase classname="backend.tests.test_chullz_game.TestJoinTable" name="test_join_nonexistent_table" time="0.389" /><testcase classname="backend.tests.test_chullz_game.TestJoinTable" name="test_join_requires_auth" time="0.108" /><testcase classname="backend.tests.test_chullz_game.TestJoinTable" name="test_join_already_joined_is_idempotent" time="0.638" /><testcase classname="backend.tests.test_chullz_game.TestGetTable" name="test_get_table_state" time="0.501" /><testcase classname="backend.tests.test_chullz_game.TestGetTable" name="test_get_nonexistent_table" time="0.091" /><testcase classname="backend.tests.test_chullz_game.TestLeaveTable" name="test_leave_table_success" time="0.516" /><testcase classname="backend.tests.test_chullz_game.TestLeaveTable" name="test_leave_with_two_players" time="0.904" /><testcase classname="backend.tests.test_chullz_game.TestGameEngine" name="test_game_engine_deck_generation" time="0.001" /><testcase classname="backend.tests.test_chullz_game.TestGameEngine" name="test_game_engine_deal" time="0.000" /><testcase classname="backend.tests.test_chullz_game.TestGameEngine" name="test_game_engine_valid_actions" time="0.000" /><testcase classname="backend.tests.test_chullz_game.TestGameEngine" name="test_game_engine_valid_actions_with_bet" time="0.000" /><testcase classname="backend.tests.test_chullz_game.TestGameEngine" name="test_game_engine_best_hand" time="0.000" /><testcase classname="backend.tests.test_chullz_game.TestGameEngine" name="test_game_engine_score_boards" time="0.001" /><testcase classname="backend.tests.test_chullz_game.TestGameEngine" name="test_game_engine_auto_assign" time="0.000" /><testcase classname="backend.tests.test_poker_api.TestAuth" name="test_login_acek_king" time="0.317" /><testcase classname="backend.tests.test_poker_api.TestAuth" name="test_login_bluff_master" time="0.322" /><testcase classname="backend.tests.test_poker_api.TestAuth" name="test_login_admin" time="0.369" /><testcase classname="backend.tests.test_poker_api.TestAuth" name="test_wrong_pin" time="0.346" /><testcase classname="backend.tests.test_poker_api.TestAuth" name="test_wrong_username" time="0.097" /><testcase classname="backend.tests.test_poker_api.TestAuth" name="test_me_endpoint" time="0.364" /><testcase classname="backend.tests.test_poker_api.TestAuth" name="test_me_no_token" time="0.100" /><testcase classname="backend.tests.test_poker_api.TestPlayers" name="test_get_all_players" time="0.105" /><testcase classname="backend.tests.test_poker_api.TestPlayers" name="test_players_have_required_fields" time="0.089" /><testcase classname="backend.tests.test_poker_api.TestPlayers" name="test_admin_in_players" time="0.089" /><testcase classname="backend.tests.test_poker_api.TestAdminChips" name="test_distribute_chips_success" time="0.514" /><testcase classname="backend.tests.test_poker_api.TestAdminChips" name="test_distribute_chips_player_rejected" time="0.360" /><testcase classname="backend.tests.test_poker_api.TestAdminChips" name="test_distribute_chips_no_auth" time="0.096" /><testcase classname="backend.tests.test_poker_api.TestAdminChips" name="test_distribute_chips_unknown_player" time="0.365" /></testsuite></testsuites>