<?xml version="1.0" encoding="utf-8"?><testsuites name="pytest tests"><testsuite name="pytest" errors="0" failures="0" skipped="0" tests="14" time="50.742" timestamp="2026-04-11T09:53:22.267433+00:00" hostname="agent-env-435d1278-15e5-4646-b21e-e8137102fe5c"><testcase classname="tests.test_iter17_badges_effectivestack_history.TestEffectiveStackCapUnit" name="test_raise_max_capped_at_opp_stack_lower" time="0.000" /><testcase classname="tests.test_iter17_badges_effectivestack_history.TestEffectiveStackCapUnit" name="test_raise_max_uncapped_when_opp_has_more" time="0.000" /><testcase classname="tests.test_iter17_badges_effectivestack_history.TestEffectiveStackCapUnit" name="test_allin_capped_at_opp_max" time="0.000" /><testcase classname="tests.test_iter17_badges_effectivestack_history.TestEffectiveStackCapUnit" name="test_allin_uncapped_when_opp_has_more" time="0.000" /><testcase classname="tests.test_iter17_badges_effectivestack_history.TestEffectiveStackCapUnit" name="test_raise_max_capped_exact_match" time="0.000" /><testcase classname="tests.test_iter17_badges_effectivestack_history.TestEffectiveStackCapUnit" name="test_no_opp_max_no_cap" time="0.000" /><testcase classname="tests.test_iter17_badges_effectivestack_history.TestEffectiveStackCapIntegration" name="test_preflop_raise_max_capped_at_opp_effective_stack" time="12.431" /><testcase classname="tests.test_iter17_badges_effectivestack_history.TestDealerSbBbSeats" name="test_dealer_sb_bb_seat_in_game_state" time="1.748" /><testcase classname="tests.test_iter17_badges_effectivestack_history.TestMidGameJoiner" name="test_midgame_joiner_is_sitting_out" time="3.040" /><testcase classname="tests.test_iter17_badges_effectivestack_history.TestMidGameJoiner" name="test_sitting_out_not_counted_in_assignment_denominator" time="17.753" /><testcase classname="tests.test_iter17_badges_effectivestack_history.TestHistoryApiFields" name="test_history_endpoint_returns_expected_fields" time="0.104" /><testcase classname="tests.test_iter17_badges_effectivestack_history.TestHistoryApiFields" name="test_history_boards_have_card_data" time="0.127" /><testcase classname="tests.test_iter17_badges_effectivestack_history.TestHistoryApiFields" name="test_stats_endpoint" time="0.101" /><testcase classname="tests.test_iter17_badges_effectivestack_history.TestBasicGameFlow" name="test_preflop_fold_showdown_next_hand" time="15.327" /></testsuite></testsuites>