<?xml version="1.0" encoding="utf-8"?><testsuites name="pytest tests"><testsuite name="pytest" errors="0" failures="0" skipped="0" tests="20" time="6.810" timestamp="2026-04-10T15:19:19.789555+00:00" hostname="agent-env-9b098be1-4f8d-482d-96e0-cce0d468df12"><testcase classname="backend.tests.test_omaha_engine_and_api.TestOmahaFlushHighCardDescriptors" name="test_flush_uses_hole_card_as_high" time="0.001" /><testcase classname="backend.tests.test_omaha_engine_and_api.TestOmahaFlushHighCardDescriptors" name="test_no_flush_with_one_hole_card_diamond" time="0.000" /><testcase classname="backend.tests.test_omaha_engine_and_api.TestOmahaFlushHighCardDescriptors" name="test_pair_of_aces_uses_standard_label" time="0.000" /><testcase classname="backend.tests.test_omaha_engine_and_api.TestOmahaFlushHighCardDescriptors" name="test_high_card_uses_hole_card_as_high" time="0.000" /><testcase classname="backend.tests.test_omaha_engine_and_api.TestOmahaStandardLabels" name="test_two_pair_standard_label" time="0.000" /><testcase classname="backend.tests.test_omaha_engine_and_api.TestOmahaStandardLabels" name="test_full_house_standard_label" time="0.000" /><testcase classname="backend.tests.test_omaha_engine_and_api.TestOmahaStandardLabels" name="test_four_of_a_kind_standard_label" time="0.000" /><testcase classname="backend.tests.test_omaha_engine_and_api.TestOmahaStandardLabels" name="test_straight_standard_label" time="0.000" /><testcase classname="backend.tests.test_omaha_engine_and_api.TestOmahaStandardLabels" name="test_omaha_requires_exactly_2_hole_cards" time="0.000" /><testcase classname="backend.tests.test_omaha_engine_and_api.TestOmahaStandardLabels" name="test_omaha_requires_at_least_3_community" time="0.000" /><testcase classname="backend.tests.test_omaha_engine_and_api.TestOmahaConstraintEnforcement" name="test_all_flush_community_one_hole_diamond" time="0.000" /><testcase classname="backend.tests.test_omaha_engine_and_api.TestOmahaConstraintEnforcement" name="test_straight_cannot_use_community_only" time="0.000" /><testcase classname="backend.tests.test_omaha_engine_and_api.TestTablesApiAfterEngineChanges" name="test_list_tables_returns_200" time="1.571" /><testcase classname="backend.tests.test_omaha_engine_and_api.TestTablesApiAfterEngineChanges" name="test_create_table_returns_200" time="1.455" /><testcase classname="backend.tests.test_omaha_engine_and_api.TestTablesApiAfterEngineChanges" name="test_join_table_returns_200" time="1.331" /><testcase classname="backend.tests.test_omaha_engine_and_api.TestTablesApiAfterEngineChanges" name="test_get_table_returns_valid_state" time="1.214" /><testcase classname="backend.tests.test_omaha_engine_and_api.TestTablesApiAfterEngineChanges" name="test_cleanup_table" time="1.137" /><testcase classname="backend.tests.test_omaha_engine_and_api.TestScoreBoardsOmaha" name="test_score_boards_flush_description_uses_hole_card" time="0.000" /><testcase classname="backend.tests.test_omaha_engine_and_api.TestScoreBoardsOmaha" name="test_score_boards_omaha_rules_enforced" time="0.000" /><testcase classname="backend.tests.test_omaha_engine_and_api.TestScoreBoardsOmaha" name="test_score_boards_pair_wins_board" time="0.001" /></testsuite></testsuites>