<?xml version="1.0" encoding="utf-8"?><testsuites name="pytest tests"><testsuite name="pytest" errors="0" failures="0" skipped="0" tests="9" time="44.963" timestamp="2026-04-11T09:28:09.537564+00:00" hostname="agent-env-435d1278-15e5-4646-b21e-e8137102fe5c"><testcase classname="backend.tests.test_iter16_turn_order_seat_fix.TestIter16ApiLevel" name="test_login_all_players" time="1.471" /><testcase classname="backend.tests.test_iter16_turn_order_seat_fix.TestIter16ApiLevel" name="test_lobby_tables_list" time="1.485" /><testcase classname="backend.tests.test_iter16_turn_order_seat_fix.TestIter16ApiLevel" name="test_create_table_and_verify_in_list" time="0.638" /><testcase classname="backend.tests.test_iter16_turn_order_seat_fix.TestIter16ApiLevel" name="test_two_players_join_same_table" time="0.437" /><testcase classname="backend.tests.test_iter16_turn_order_seat_fix.TestIter16ApiLevel" name="test_game_state_has_seat_numbers" time="0.115" /><testcase classname="backend.tests.test_iter16_turn_order_seat_fix.TestIter16TurnOrder" name="test_turn_order_advances_numerically" time="16.538" /><testcase classname="backend.tests.test_iter16_turn_order_seat_fix.TestIter16TurnOrder" name="test_assignment_phase_aceking_submits" time="17.843" /><testcase classname="backend.tests.test_iter16_turn_order_seat_fix.TestIter16OpponentsArrayStructure" name="test_game_state_has_max_players" time="2.958" /><testcase classname="backend.tests.test_iter16_turn_order_seat_fix.TestIter16OpponentsArrayStructure" name="test_seat_angle_mapping_coverage" time="3.362" /></testsuite></testsuites>