<?xml version="1.0" encoding="utf-8"?><testsuites name="pytest tests"><testsuite name="pytest" errors="0" failures="0" skipped="0" tests="22" time="8.491" timestamp="2026-04-11T23:28:13.368546+00:00" hostname="agent-env-435d1278-15e5-4646-b21e-e8137102fe5c"><testcase classname="backend.tests.test_iter18_topup_sitout_admin.TestAuthAndPlayers" name="test_admin_login_returns_admin_role" time="0.539" /><testcase classname="backend.tests.test_iter18_topup_sitout_admin.TestAuthAndPlayers" name="test_players_endpoint_returns_all_7" time="0.140" /><testcase classname="backend.tests.test_iter18_topup_sitout_admin.TestAuthAndPlayers" name="test_players_include_chips_bankroll" time="0.139" /><testcase classname="backend.tests.test_iter18_topup_sitout_admin.TestAuthAndPlayers" name="test_players_include_online_status" time="0.111" /><testcase classname="backend.tests.test_iter18_topup_sitout_admin.TestAdminGiveChips" name="test_admin_can_give_chips_to_player" time="0.955" /><testcase classname="backend.tests.test_iter18_topup_sitout_admin.TestAdminGiveChips" name="test_admin_give_chips_increases_player_bankroll" time="0.392" /><testcase classname="backend.tests.test_iter18_topup_sitout_admin.TestAdminGiveChips" name="test_non_admin_cannot_give_chips" time="0.498" /><testcase classname="backend.tests.test_iter18_topup_sitout_admin.TestAdminGiveChips" name="test_give_chips_invalid_uid_returns_404" time="0.127" /><testcase classname="backend.tests.test_iter18_topup_sitout_admin.TestAdminGiveChips" name="test_give_chips_zero_amount_returns_400" time="0.167" /><testcase classname="backend.tests.test_iter18_topup_sitout_admin.TestAdminGiveChips" name="test_give_chips_negative_amount_returns_400" time="0.101" /><testcase classname="backend.tests.test_iter18_topup_sitout_admin.TestTopUpSystem" name="test_topup_deducts_from_bankroll" time="1.247" /><testcase classname="backend.tests.test_iter18_topup_sitout_admin.TestTopUpSystem" name="test_topup_invalid_table_returns_404" time="0.112" /><testcase classname="backend.tests.test_iter18_topup_sitout_admin.TestTopUpSystem" name="test_topup_zero_amount_returns_400" time="0.183" /><testcase classname="backend.tests.test_iter18_topup_sitout_admin.TestTopUpSystem" name="test_topup_unauthenticated_returns_401" time="0.327" /><testcase classname="backend.tests.test_iter18_topup_sitout_admin.TestAdminGiveChipsAtTable" name="test_admin_give_chips_at_table_increases_in_game_chips" time="0.652" /><testcase classname="backend.tests.test_iter18_topup_sitout_admin.TestAdminGiveChipsAtTable" name="test_admin_give_chips_at_table_also_updates_bankroll" time="0.211" /><testcase classname="backend.tests.test_iter18_topup_sitout_admin.TestAdminGiveChipsAtTable" name="test_non_admin_cannot_give_chips_at_table" time="0.102" /><testcase classname="backend.tests.test_iter18_topup_sitout_admin.TestAdminGiveChipsAtTable" name="test_give_chips_at_table_player_not_seated_404" time="0.422" /><testcase classname="backend.tests.test_iter18_topup_sitout_admin.TestLeaveTable" name="test_leave_table_removes_player" time="0.651" /><testcase classname="backend.tests.test_iter18_topup_sitout_admin.TestLeaveTable" name="test_leave_nonexistent_table_404" time="0.102" /><testcase classname="backend.tests.test_iter18_topup_sitout_admin.TestLeaveTable" name="test_leave_table_last_player_deletes_table" time="0.430" /><testcase classname="backend.tests.test_iter18_topup_sitout_admin.TestSitoutIntegration" name="test_table_create_and_join_returns_state_with_wants_sitout_field" time="0.670" /></testsuite></testsuites>