<?xml version="1.0" encoding="utf-8"?><testsuites name="pytest tests"><testsuite name="pytest" errors="0" failures="0" skipped="0" tests="14" time="4.116" timestamp="2026-04-05T07:01:15.393082+00:00" hostname="agent-env-d0400a4b-f371-4171-afc8-ba8f22608f20"><testcase classname="backend.tests.test_poker_api.TestAuth" name="test_login_acek_king" time="0.544" /><testcase classname="backend.tests.test_poker_api.TestAuth" name="test_login_bluff_master" time="0.361" /><testcase classname="backend.tests.test_poker_api.TestAuth" name="test_login_admin" time="0.367" /><testcase classname="backend.tests.test_poker_api.TestAuth" name="test_wrong_pin" time="0.330" /><testcase classname="backend.tests.test_poker_api.TestAuth" name="test_wrong_username" time="0.118" /><testcase classname="backend.tests.test_poker_api.TestAuth" name="test_me_endpoint" time="0.372" /><testcase classname="backend.tests.test_poker_api.TestAuth" name="test_me_no_token" time="0.112" /><testcase classname="backend.tests.test_poker_api.TestPlayers" name="test_get_all_players" time="0.130" /><testcase classname="backend.tests.test_poker_api.TestPlayers" name="test_players_have_required_fields" time="0.097" /><testcase classname="backend.tests.test_poker_api.TestPlayers" name="test_admin_in_players" time="0.095" /><testcase classname="backend.tests.test_poker_api.TestAdminChips" name="test_distribute_chips_success" time="0.473" /><testcase classname="backend.tests.test_poker_api.TestAdminChips" name="test_distribute_chips_player_rejected" time="0.428" /><testcase classname="backend.tests.test_poker_api.TestAdminChips" name="test_distribute_chips_no_auth" time="0.096" /><testcase classname="backend.tests.test_poker_api.TestAdminChips" name="test_distribute_chips_unknown_player" time="0.369" /></testsuite></testsuites>