<?xml version="1.0" encoding="utf-8"?><testsuites name="pytest tests"><testsuite name="pytest" errors="0" failures="0" skipped="0" tests="10" time="8.294" timestamp="2026-04-10T14:20:29.624166+00:00" hostname="agent-env-9b098be1-4f8d-482d-96e0-cce0d468df12"><testcase classname="backend.tests.test_seat_selection_features.TestPreferredSeatSelection" name="test_join_with_preferred_seat_4" time="1.355" /><testcase classname="backend.tests.test_seat_selection_features.TestPreferredSeatSelection" name="test_join_preferred_seat_taken_returns_400" time="0.850" /><testcase classname="backend.tests.test_seat_selection_features.TestPreferredSeatSelection" name="test_join_invalid_seat_99_returns_400" time="0.408" /><testcase classname="backend.tests.test_seat_selection_features.TestPreferredSeatSelection" name="test_join_invalid_seat_negative_returns_400" time="0.408" /><testcase classname="backend.tests.test_seat_selection_features.TestPreferredSeatSelection" name="test_join_without_preferred_seat_auto_assigns" time="0.445" /><testcase classname="backend.tests.test_seat_selection_features.TestPreferredSeatSelection" name="test_join_different_seats_for_multiple_players" time="1.053" /><testcase classname="backend.tests.test_seat_selection_features.TestPreferredSeatSelection" name="test_full_table_6_players_returns_400" time="2.215" /><testcase classname="backend.tests.test_seat_selection_features.TestSeatSelectionEdgeCases" name="test_already_joined_returns_existing_seat" time="0.479" /><testcase classname="backend.tests.test_seat_selection_features.TestSeatSelectionEdgeCases" name="test_preferred_seat_boundary_values" time="0.438" /><testcase classname="backend.tests.test_seat_selection_features.TestSeatSelectionEdgeCases" name="test_preferred_seat_6_invalid_for_6_player_table" time="0.385" /></testsuite></testsuites>