<?xml version="1.0" encoding="utf-8"?><testsuites name="pytest tests"><testsuite name="pytest" errors="0" failures="0" skipped="0" tests="13" time="25.962" timestamp="2026-04-12T17:58:10.375804+00:00" hostname="agent-env-435d1278-15e5-4646-b21e-e8137102fe5c"><testcase classname="backend.tests.test_iter20_underraise_sidepot.TestQuickLoginRegression" name="test_quick_login_valid_user_returns_token" time="0.223" /><testcase classname="backend.tests.test_iter20_underraise_sidepot.TestQuickLoginRegression" name="test_quick_login_invalid_user_returns_404" time="0.054" /><testcase classname="backend.tests.test_iter20_underraise_sidepot.TestQuickLoginRegression" name="test_quick_login_all_seeded_players" time="0.369" /><testcase classname="backend.tests.test_iter20_underraise_sidepot.TestQuickLoginRegression" name="test_quick_login_provides_valid_token_for_me" time="0.120" /><testcase classname="backend.tests.test_iter20_underraise_sidepot.TestComputePotsLogic" name="test_single_pot_equal_bets" time="0.001" /><testcase classname="backend.tests.test_iter20_underraise_sidepot.TestComputePotsLogic" name="test_side_pot_when_allin_player" time="0.001" /><testcase classname="backend.tests.test_iter20_underraise_sidepot.TestComputePotsLogic" name="test_folded_player_excluded_from_eligible" time="0.001" /><testcase classname="backend.tests.test_iter20_underraise_sidepot.TestComputePotsLogic" name="test_empty_pots_if_no_bets" time="0.000" /><testcase classname="backend.tests.test_iter20_underraise_sidepot.TestComputePotsLogic" name="test_two_players_different_allin" time="0.001" /><testcase classname="backend.tests.test_iter20_underraise_sidepot.TestUnderRaiseWebSocket" name="test_under_raise_and_no_raise_uids" time="14.154" /><testcase classname="backend.tests.test_iter20_underraise_sidepot.TestFullRaiseResetsNoRaiseUids" name="test_full_raise_clears_no_raise_uids" time="7.542" /><testcase classname="backend.tests.test_iter20_underraise_sidepot.TestBasicGameFlowRegression" name="test_create_and_join_table" time="0.287" /><testcase classname="backend.tests.test_iter20_underraise_sidepot.TestBasicGameFlowRegression" name="test_full_raise_in_isolation" time="3.139" /></testsuite></testsuites>