<?xml version="1.0" encoding="utf-8"?><testsuites name="pytest tests"><testsuite name="pytest" errors="0" failures="0" skipped="0" tests="21" time="4.594" timestamp="2026-04-10T15:43:45.876789+00:00" hostname="agent-env-9b098be1-4f8d-482d-96e0-cce0d468df12"><testcase classname="backend.tests.test_mongodb_persistence_and_history.TestEmptyState" name="test_stats_returns_list" time="0.266" /><testcase classname="backend.tests.test_mongodb_persistence_and_history.TestEmptyState" name="test_history_returns_list" time="0.054" /><testcase classname="backend.tests.test_mongodb_persistence_and_history.TestEmptyState" name="test_history_with_limit_param" time="0.058" /><testcase classname="backend.tests.test_mongodb_persistence_and_history.TestTableMongoPersistence" name="test_create_table_saves_to_mongodb" time="0.338" /><testcase classname="backend.tests.test_mongodb_persistence_and_history.TestTableMongoPersistence" name="test_join_table_updates_mongodb" time="0.502" /><testcase classname="backend.tests.test_mongodb_persistence_and_history.TestTableMongoPersistence" name="test_leave_table_updates_mongodb" time="0.055" /><testcase classname="backend.tests.test_mongodb_persistence_and_history.TestTableMongoPersistence" name="test_delete_table_removes_from_mongodb" time="0.331" /><testcase classname="backend.tests.test_mongodb_persistence_and_history.TestTableMongoPersistence" name="test_create_second_table_to_verify_persistence" time="0.510" /><testcase classname="backend.tests.test_mongodb_persistence_and_history.TestHandHistoryAndStats" name="test_history_returns_mock_hand" time="0.784" /><testcase classname="backend.tests.test_mongodb_persistence_and_history.TestHandHistoryAndStats" name="test_history_hand_has_correct_fields" time="0.063" /><testcase classname="backend.tests.test_mongodb_persistence_and_history.TestHandHistoryAndStats" name="test_history_filter_by_table_id" time="0.050" /><testcase classname="backend.tests.test_mongodb_persistence_and_history.TestHandHistoryAndStats" name="test_stats_returns_player_data" time="0.054" /><testcase classname="backend.tests.test_mongodb_persistence_and_history.TestHandHistoryAndStats" name="test_stats_correct_fields" time="0.063" /><testcase classname="backend.tests.test_mongodb_persistence_and_history.TestHandHistoryAndStats" name="test_stats_correct_chips_net" time="0.068" /><testcase classname="backend.tests.test_mongodb_persistence_and_history.TestHandHistoryAndStats" name="test_stats_boards_won" time="0.058" /><testcase classname="backend.tests.test_mongodb_persistence_and_history.TestHandHistoryAndStats" name="test_stats_sorted_by_chips_net_descending" time="0.048" /><testcase classname="backend.tests.test_mongodb_persistence_and_history.TestHandHistoryAndStats" name="test_stats_pots_won" time="0.071" /><testcase classname="backend.tests.test_mongodb_persistence_and_history.TestAuthEndpoints" name="test_login_success" time="0.277" /><testcase classname="backend.tests.test_mongodb_persistence_and_history.TestAuthEndpoints" name="test_login_wrong_pin" time="0.277" /><testcase classname="backend.tests.test_mongodb_persistence_and_history.TestAuthEndpoints" name="test_tables_create_requires_auth" time="0.051" /><testcase classname="backend.tests.test_mongodb_persistence_and_history.TestAuthEndpoints" name="test_delete_table_requires_admin" time="0.433" /></testsuite></testsuites>