<?xml version="1.0" encoding="utf-8"?><testsuites name="pytest tests"><testsuite name="pytest" errors="0" failures="0" skipped="0" tests="48" time="42.836" timestamp="2026-04-11T08:02:10.739196+00:00" hostname="agent-env-435d1278-15e5-4646-b21e-e8137102fe5c"><testcase classname="backend.tests.test_chullz_game.TestTablesList" name="test_list_tables_unauthenticated" time="0.145" /><testcase classname="backend.tests.test_chullz_game.TestTablesList" name="test_list_tables_response_fields" time="0.466" /><testcase classname="backend.tests.test_chullz_game.TestCreateTable" name="test_create_table_success" time="0.412" /><testcase classname="backend.tests.test_chullz_game.TestCreateTable" name="test_create_table_requires_auth" time="0.096" /><testcase classname="backend.tests.test_chullz_game.TestCreateTable" name="test_create_table_invalid_blinds" time="0.377" /><testcase classname="backend.tests.test_chullz_game.TestCreateTable" name="test_create_table_preset_values" time="0.450" /><testcase classname="backend.tests.test_chullz_game.TestJoinTable" name="test_join_table_success" time="0.894" /><testcase classname="backend.tests.test_chullz_game.TestJoinTable" name="test_join_nonexistent_table" time="0.374" /><testcase classname="backend.tests.test_chullz_game.TestJoinTable" name="test_join_requires_auth" time="0.102" /><testcase classname="backend.tests.test_chullz_game.TestJoinTable" name="test_join_already_joined_is_idempotent" time="0.497" /><testcase classname="backend.tests.test_chullz_game.TestGetTable" name="test_get_table_state" time="0.496" /><testcase classname="backend.tests.test_chullz_game.TestGetTable" name="test_get_nonexistent_table" time="0.100" /><testcase classname="backend.tests.test_chullz_game.TestLeaveTable" name="test_leave_table_success" time="0.498" /><testcase classname="backend.tests.test_chullz_game.TestLeaveTable" name="test_leave_with_two_players" time="0.911" /><testcase classname="backend.tests.test_chullz_game.TestGameEngine" name="test_game_engine_deck_generation" time="0.000" /><testcase classname="backend.tests.test_chullz_game.TestGameEngine" name="test_game_engine_deal" time="0.000" /><testcase classname="backend.tests.test_chullz_game.TestGameEngine" name="test_game_engine_valid_actions" time="0.000" /><testcase classname="backend.tests.test_chullz_game.TestGameEngine" name="test_game_engine_valid_actions_with_bet" time="0.000" /><testcase classname="backend.tests.test_chullz_game.TestGameEngine" name="test_game_engine_best_hand" time="0.000" /><testcase classname="backend.tests.test_chullz_game.TestGameEngine" name="test_game_engine_score_boards" time="0.001" /><testcase classname="backend.tests.test_chullz_game.TestGameEngine" name="test_game_engine_auto_assign" time="0.000" /><testcase classname="backend.tests.test_omaha_engine_and_api.TestOmahaFlushHighCardDescriptors" name="test_flush_uses_hole_card_as_high" time="0.000" /><testcase classname="backend.tests.test_omaha_engine_and_api.TestOmahaFlushHighCardDescriptors" name="test_no_flush_with_one_hole_card_diamond" time="0.000" /><testcase classname="backend.tests.test_omaha_engine_and_api.TestOmahaFlushHighCardDescriptors" name="test_pair_of_aces_uses_standard_label" time="0.000" /><testcase classname="backend.tests.test_omaha_engine_and_api.TestOmahaFlushHighCardDescriptors" name="test_high_card_uses_hole_card_as_high" time="0.000" /><testcase classname="backend.tests.test_omaha_engine_and_api.TestOmahaStandardLabels" name="test_two_pair_standard_label" time="0.000" /><testcase classname="backend.tests.test_omaha_engine_and_api.TestOmahaStandardLabels" name="test_full_house_standard_label" time="0.000" /><testcase classname="backend.tests.test_omaha_engine_and_api.TestOmahaStandardLabels" name="test_four_of_a_kind_standard_label" time="0.000" /><testcase classname="backend.tests.test_omaha_engine_and_api.TestOmahaStandardLabels" name="test_straight_standard_label" time="0.000" /><testcase classname="backend.tests.test_omaha_engine_and_api.TestOmahaStandardLabels" name="test_omaha_requires_exactly_2_hole_cards" time="0.000" /><testcase classname="backend.tests.test_omaha_engine_and_api.TestOmahaStandardLabels" name="test_omaha_requires_at_least_3_community" time="0.000" /><testcase classname="backend.tests.test_omaha_engine_and_api.TestOmahaConstraintEnforcement" name="test_all_flush_community_one_hole_diamond" time="0.000" /><testcase classname="backend.tests.test_omaha_engine_and_api.TestOmahaConstraintEnforcement" name="test_straight_cannot_use_community_only" time="0.000" /><testcase classname="backend.tests.test_omaha_engine_and_api.TestTablesApiAfterEngineChanges" name="test_list_tables_returns_200" time="1.095" /><testcase classname="backend.tests.test_omaha_engine_and_api.TestTablesApiAfterEngineChanges" name="test_create_table_returns_200" time="1.088" /><testcase classname="backend.tests.test_omaha_engine_and_api.TestTablesApiAfterEngineChanges" name="test_join_table_returns_200" time="1.078" /><testcase classname="backend.tests.test_omaha_engine_and_api.TestTablesApiAfterEngineChanges" name="test_get_table_returns_valid_state" time="1.063" /><testcase classname="backend.tests.test_omaha_engine_and_api.TestTablesApiAfterEngineChanges" name="test_cleanup_table" time="1.098" /><testcase classname="backend.tests.test_omaha_engine_and_api.TestScoreBoardsOmaha" name="test_score_boards_flush_description_uses_hole_card" time="0.000" /><testcase classname="backend.tests.test_omaha_engine_and_api.TestScoreBoardsOmaha" name="test_score_boards_omaha_rules_enforced" time="0.000" /><testcase classname="backend.tests.test_omaha_engine_and_api.TestScoreBoardsOmaha" name="test_score_boards_pair_wins_board" time="0.001" /><testcase classname="backend.tests.test_iter15_assignment_vote.TestIter15ApiLevel" name="test_login_aceking" time="0.323" /><testcase classname="backend.tests.test_iter15_assignment_vote.TestIter15ApiLevel" name="test_login_bluffmaster" time="0.324" /><testcase classname="backend.tests.test_iter15_assignment_vote.TestIter15ApiLevel" name="test_tables_list_loads" time="0.099" /><testcase classname="backend.tests.test_iter15_assignment_vote.TestIter15ApiLevel" name="test_create_table_succeeds" time="1.271" /><testcase classname="backend.tests.test_iter15_assignment_vote.TestIter15GameFlow" name="test_full_game_flow_to_assignment_and_showdown" time="28.724" /><testcase classname="backend.tests.test_iter15_assignment_vote.TestIter15GameFlow" name="test_reconnect_recovery_assignment" time="0.217" /><testcase classname="backend.tests.test_iter15_assignment_vote.TestIter15GameFlow" name="test_showdown_ready_excludes_sitting_out" time="0.519" /></testsuite></testsuites>