<?xml version="1.0" encoding="utf-8"?><testsuites name="pytest tests"><testsuite name="pytest" errors="0" failures="0" skipped="0" tests="14" time="2.989" timestamp="2026-04-11T23:48:18.002473+00:00" hostname="agent-env-435d1278-15e5-4646-b21e-e8137102fe5c"><testcase classname="backend.tests.test_iter19_quick_login.TestQuickLogin" name="test_login_quick_valid_player" time="0.277" /><testcase classname="backend.tests.test_iter19_quick_login.TestQuickLogin" name="test_login_quick_valid_bluffmaster" time="0.115" /><testcase classname="backend.tests.test_iter19_quick_login.TestQuickLogin" name="test_login_quick_admin_user" time="0.109" /><testcase classname="backend.tests.test_iter19_quick_login.TestQuickLogin" name="test_login_quick_invalid_username_returns_404" time="0.156" /><testcase classname="backend.tests.test_iter19_quick_login.TestQuickLogin" name="test_login_quick_token_is_jwt" time="0.111" /><testcase classname="backend.tests.test_iter19_quick_login.TestQuickLogin" name="test_login_quick_all_players" time="0.962" /><testcase classname="backend.tests.test_iter19_quick_login.TestQuickLogin" name="test_login_quick_no_pin_required" time="0.117" /><testcase classname="backend.tests.test_iter19_quick_login.TestQuickLogin" name="test_login_quick_wrong_pin_ignored" time="0.146" /><testcase classname="backend.tests.test_iter19_quick_login.TestPlayersEndpoint" name="test_get_players_returns_list" time="0.110" /><testcase classname="backend.tests.test_iter19_quick_login.TestPlayersEndpoint" name="test_players_have_online_field" time="0.101" /><testcase classname="backend.tests.test_iter19_quick_login.TestPlayersEndpoint" name="test_players_have_expected_fields" time="0.112" /><testcase classname="backend.tests.test_iter19_quick_login.TestPlayersEndpoint" name="test_all_7_players_present" time="0.104" /><testcase classname="backend.tests.test_iter19_quick_login.TestQuickLoginTokenUsability" name="test_quick_login_token_works_on_auth_me" time="0.213" /><testcase classname="backend.tests.test_iter19_quick_login.TestQuickLoginTokenUsability" name="test_admin_quick_login_token_can_access_players" time="0.259" /></testsuite></testsuites>